2023-12-20 09:47:24.742  WARN 672 --- [HikariPool-1 housekeeper] com.zaxxer.hikari.pool.HikariPool        : HikariPool-1 - Thread starvation or clock leap detected (housekeeper delta=11h35m1s804ms42µs300ns).
2023-12-20 10:10:50.550 TRACE 672 --- [http-nio-8080-exec-8] o.s.security.web.FilterChainProxy        : Trying to match request against DefaultSecurityFilterChain [RequestMatcher=any request, Filters=[org.springframework.security.web.session.DisableEncodeUrlFilter@674c01ce, org.springframework.security.web.context.request.async.WebAsyncManagerIntegrationFilter@4b8ba6b7, org.springframework.security.web.context.SecurityContextPersistenceFilter@2a728076, org.springframework.security.web.header.HeaderWriterFilter@1b18fa79, org.springframework.web.filter.CorsFilter@509e0253, org.springframework.security.web.authentication.logout.LogoutFilter@7053a864, org.springframework.security.web.authentication.www.BasicAuthenticationFilter@779cda39, org.springframework.security.web.savedrequest.RequestCacheAwareFilter@67fda9fb, org.springframework.security.web.servletapi.SecurityContextHolderAwareRequestFilter@580a5b6e, org.springframework.security.web.authentication.AnonymousAuthenticationFilter@6c8f5262, org.springframework.security.web.session.SessionManagementFilter@34128fed, org.springframework.security.web.access.ExceptionTranslationFilter@103a1ad3, org.springframework.security.web.access.intercept.FilterSecurityInterceptor@22ea09b7]] (1/1)
2023-12-20 10:10:50.551 DEBUG 672 --- [http-nio-8080-exec-8] o.s.security.web.FilterChainProxy        : Securing OPTIONS /api/cart/24
2023-12-20 10:10:50.552 TRACE 672 --- [http-nio-8080-exec-8] o.s.security.web.FilterChainProxy        : Invoking DisableEncodeUrlFilter (1/13)
2023-12-20 10:10:50.552 TRACE 672 --- [http-nio-8080-exec-8] o.s.security.web.FilterChainProxy        : Invoking WebAsyncManagerIntegrationFilter (2/13)
2023-12-20 10:10:50.552 TRACE 672 --- [http-nio-8080-exec-8] o.s.security.web.FilterChainProxy        : Invoking SecurityContextPersistenceFilter (3/13)
2023-12-20 10:10:50.552 DEBUG 672 --- [http-nio-8080-exec-8] s.s.w.c.SecurityContextPersistenceFilter : Set SecurityContextHolder to empty SecurityContext
2023-12-20 10:10:50.552 TRACE 672 --- [http-nio-8080-exec-8] o.s.security.web.FilterChainProxy        : Invoking HeaderWriterFilter (4/13)
2023-12-20 10:10:50.552 TRACE 672 --- [http-nio-8080-exec-8] o.s.security.web.FilterChainProxy        : Invoking CorsFilter (5/13)
2023-12-20 10:10:50.552 TRACE 672 --- [http-nio-8080-exec-8] o.s.s.w.header.writers.HstsHeaderWriter  : Not injecting HSTS header since it did not match request to [Is Secure]
2023-12-20 10:10:50.552 DEBUG 672 --- [http-nio-8080-exec-8] s.s.w.c.SecurityContextPersistenceFilter : Cleared SecurityContextHolder to complete request
2023-12-20 10:10:50.556 TRACE 672 --- [http-nio-8080-exec-7] o.s.security.web.FilterChainProxy        : Trying to match request against DefaultSecurityFilterChain [RequestMatcher=any request, Filters=[org.springframework.security.web.session.DisableEncodeUrlFilter@674c01ce, org.springframework.security.web.context.request.async.WebAsyncManagerIntegrationFilter@4b8ba6b7, org.springframework.security.web.context.SecurityContextPersistenceFilter@2a728076, org.springframework.security.web.header.HeaderWriterFilter@1b18fa79, org.springframework.web.filter.CorsFilter@509e0253, org.springframework.security.web.authentication.logout.LogoutFilter@7053a864, org.springframework.security.web.authentication.www.BasicAuthenticationFilter@779cda39, org.springframework.security.web.savedrequest.RequestCacheAwareFilter@67fda9fb, org.springframework.security.web.servletapi.SecurityContextHolderAwareRequestFilter@580a5b6e, org.springframework.security.web.authentication.AnonymousAuthenticationFilter@6c8f5262, org.springframework.security.web.session.SessionManagementFilter@34128fed, org.springframework.security.web.access.ExceptionTranslationFilter@103a1ad3, org.springframework.security.web.access.intercept.FilterSecurityInterceptor@22ea09b7]] (1/1)
2023-12-20 10:10:50.556 DEBUG 672 --- [http-nio-8080-exec-7] o.s.security.web.FilterChainProxy        : Securing GET /api/cart/24
2023-12-20 10:10:50.556 TRACE 672 --- [http-nio-8080-exec-7] o.s.security.web.FilterChainProxy        : Invoking DisableEncodeUrlFilter (1/13)
2023-12-20 10:10:50.556 TRACE 672 --- [http-nio-8080-exec-7] o.s.security.web.FilterChainProxy        : Invoking WebAsyncManagerIntegrationFilter (2/13)
2023-12-20 10:10:50.556 TRACE 672 --- [http-nio-8080-exec-7] o.s.security.web.FilterChainProxy        : Invoking SecurityContextPersistenceFilter (3/13)
2023-12-20 10:10:50.556 DEBUG 672 --- [http-nio-8080-exec-7] s.s.w.c.SecurityContextPersistenceFilter : Set SecurityContextHolder to empty SecurityContext
2023-12-20 10:10:50.556 TRACE 672 --- [http-nio-8080-exec-7] o.s.security.web.FilterChainProxy        : Invoking HeaderWriterFilter (4/13)
2023-12-20 10:10:50.556 TRACE 672 --- [http-nio-8080-exec-7] o.s.security.web.FilterChainProxy        : Invoking CorsFilter (5/13)
2023-12-20 10:10:50.556 TRACE 672 --- [http-nio-8080-exec-7] o.s.security.web.FilterChainProxy        : Invoking LogoutFilter (6/13)
2023-12-20 10:10:50.557 TRACE 672 --- [http-nio-8080-exec-7] o.s.s.w.a.logout.LogoutFilter            : Did not match request to Or [Ant [pattern='/logout', GET], Ant [pattern='/logout', POST], Ant [pattern='/logout', PUT], Ant [pattern='/logout', DELETE]]
2023-12-20 10:10:50.558 TRACE 672 --- [http-nio-8080-exec-7] o.s.security.web.FilterChainProxy        : Invoking BasicAuthenticationFilter (7/13)
2023-12-20 10:10:50.558 TRACE 672 --- [http-nio-8080-exec-7] o.s.s.w.a.www.BasicAuthenticationFilter  : Found username 'nithi' in Basic Authorization header
2023-12-20 10:10:50.558 TRACE 672 --- [http-nio-8080-exec-7] o.s.s.authentication.ProviderManager     : Authenticating request with DaoAuthenticationProvider (1/1)
2023-12-20 10:10:50.722 DEBUG 672 --- [http-nio-8080-exec-7] o.s.s.a.dao.DaoAuthenticationProvider    : Authenticated user
2023-12-20 10:10:50.722 DEBUG 672 --- [http-nio-8080-exec-7] o.s.s.w.a.www.BasicAuthenticationFilter  : Set SecurityContextHolder to UsernamePasswordAuthenticationToken [Principal=org.springframework.security.core.userdetails.User [Username=nithi, Password=[PROTECTED], Enabled=true, AccountNonExpired=true, credentialsNonExpired=true, AccountNonLocked=true, Granted Authorities=[ROLE_USER]], Credentials=[PROTECTED], Authenticated=true, Details=WebAuthenticationDetails [RemoteIpAddress=0:0:0:0:0:0:0:1, SessionId=null], Granted Authorities=[ROLE_USER]]
2023-12-20 10:10:50.722 TRACE 672 --- [http-nio-8080-exec-7] o.s.security.web.FilterChainProxy        : Invoking RequestCacheAwareFilter (8/13)
2023-12-20 10:10:50.722 TRACE 672 --- [http-nio-8080-exec-7] o.s.security.web.FilterChainProxy        : Invoking SecurityContextHolderAwareRequestFilter (9/13)
2023-12-20 10:10:50.722 TRACE 672 --- [http-nio-8080-exec-7] o.s.security.web.FilterChainProxy        : Invoking AnonymousAuthenticationFilter (10/13)
2023-12-20 10:10:50.723 TRACE 672 --- [http-nio-8080-exec-7] o.s.s.w.a.AnonymousAuthenticationFilter  : Did not set SecurityContextHolder since already authenticated UsernamePasswordAuthenticationToken [Principal=org.springframework.security.core.userdetails.User [Username=nithi, Password=[PROTECTED], Enabled=true, AccountNonExpired=true, credentialsNonExpired=true, AccountNonLocked=true, Granted Authorities=[ROLE_USER]], Credentials=[PROTECTED], Authenticated=true, Details=WebAuthenticationDetails [RemoteIpAddress=0:0:0:0:0:0:0:1, SessionId=null], Granted Authorities=[ROLE_USER]]
2023-12-20 10:10:50.723 TRACE 672 --- [http-nio-8080-exec-7] o.s.security.web.FilterChainProxy        : Invoking SessionManagementFilter (11/13)
2023-12-20 10:10:50.723 TRACE 672 --- [http-nio-8080-exec-7] s.CompositeSessionAuthenticationStrategy : Preparing session with ChangeSessionIdAuthenticationStrategy (1/1)
2023-12-20 10:10:50.723 TRACE 672 --- [http-nio-8080-exec-7] o.s.security.web.FilterChainProxy        : Invoking ExceptionTranslationFilter (12/13)
2023-12-20 10:10:50.723 TRACE 672 --- [http-nio-8080-exec-7] o.s.security.web.FilterChainProxy        : Invoking FilterSecurityInterceptor (13/13)
2023-12-20 10:10:50.723 TRACE 672 --- [http-nio-8080-exec-7] edFilterInvocationSecurityMetadataSource : Did not match request to Ant [pattern='/h2-console/**'] - [permitAll] (1/5)
2023-12-20 10:10:50.723 TRACE 672 --- [http-nio-8080-exec-7] edFilterInvocationSecurityMetadataSource : Did not match request to Ant [pattern='/api/auth/**'] - [permitAll] (2/5)
2023-12-20 10:10:50.723 TRACE 672 --- [http-nio-8080-exec-7] edFilterInvocationSecurityMetadataSource : Did not match request to Ant [pattern='/api/admin/**'] - [permitAll] (3/5)
2023-12-20 10:10:50.723 TRACE 672 --- [http-nio-8080-exec-7] edFilterInvocationSecurityMetadataSource : Did not match request to Ant [pattern='/swagger-ui/**'] - [permitAll] (4/5)
2023-12-20 10:10:50.723 TRACE 672 --- [http-nio-8080-exec-7] o.s.s.w.a.i.FilterSecurityInterceptor    : Did not re-authenticate UsernamePasswordAuthenticationToken [Principal=org.springframework.security.core.userdetails.User [Username=nithi, Password=[PROTECTED], Enabled=true, AccountNonExpired=true, credentialsNonExpired=true, AccountNonLocked=true, Granted Authorities=[ROLE_USER]], Credentials=[PROTECTED], Authenticated=true, Details=WebAuthenticationDetails [RemoteIpAddress=0:0:0:0:0:0:0:1, SessionId=null], Granted Authorities=[ROLE_USER]] before authorizing
2023-12-20 10:10:50.723 TRACE 672 --- [http-nio-8080-exec-7] o.s.s.w.a.i.FilterSecurityInterceptor    : Authorizing filter invocation [GET /api/cart/24] with attributes [authenticated]
2023-12-20 10:10:50.724 DEBUG 672 --- [http-nio-8080-exec-7] o.s.s.w.a.i.FilterSecurityInterceptor    : Authorized filter invocation [GET /api/cart/24] with attributes [authenticated]
2023-12-20 10:10:50.724 TRACE 672 --- [http-nio-8080-exec-7] o.s.s.w.a.i.FilterSecurityInterceptor    : Did not switch RunAs authentication since RunAsManager returned null
2023-12-20 10:10:50.724 DEBUG 672 --- [http-nio-8080-exec-7] o.s.security.web.FilterChainProxy        : Secured GET /api/cart/24
2023-12-20 10:10:50.728 TRACE 672 --- [http-nio-8080-exec-7] o.s.s.w.header.writers.HstsHeaderWriter  : Not injecting HSTS header since it did not match request to [Is Secure]
2023-12-20 10:10:50.729 DEBUG 672 --- [http-nio-8080-exec-7] s.s.w.c.SecurityContextPersistenceFilter : Cleared SecurityContextHolder to complete request
2023-12-20 10:10:52.515 TRACE 672 --- [http-nio-8080-exec-9] o.s.security.web.FilterChainProxy        : Trying to match request against DefaultSecurityFilterChain [RequestMatcher=any request, Filters=[org.springframework.security.web.session.DisableEncodeUrlFilter@674c01ce, org.springframework.security.web.context.request.async.WebAsyncManagerIntegrationFilter@4b8ba6b7, org.springframework.security.web.context.SecurityContextPersistenceFilter@2a728076, org.springframework.security.web.header.HeaderWriterFilter@1b18fa79, org.springframework.web.filter.CorsFilter@509e0253, org.springframework.security.web.authentication.logout.LogoutFilter@7053a864, org.springframework.security.web.authentication.www.BasicAuthenticationFilter@779cda39, org.springframework.security.web.savedrequest.RequestCacheAwareFilter@67fda9fb, org.springframework.security.web.servletapi.SecurityContextHolderAwareRequestFilter@580a5b6e, org.springframework.security.web.authentication.AnonymousAuthenticationFilter@6c8f5262, org.springframework.security.web.session.SessionManagementFilter@34128fed, org.springframework.security.web.access.ExceptionTranslationFilter@103a1ad3, org.springframework.security.web.access.intercept.FilterSecurityInterceptor@22ea09b7]] (1/1)
2023-12-20 10:10:52.516 DEBUG 672 --- [http-nio-8080-exec-9] o.s.security.web.FilterChainProxy        : Securing OPTIONS /api/admin/gadget/all
2023-12-20 10:10:52.516 TRACE 672 --- [http-nio-8080-exec-9] o.s.security.web.FilterChainProxy        : Invoking DisableEncodeUrlFilter (1/13)
2023-12-20 10:10:52.516 TRACE 672 --- [http-nio-8080-exec-9] o.s.security.web.FilterChainProxy        : Invoking WebAsyncManagerIntegrationFilter (2/13)
2023-12-20 10:10:52.516 TRACE 672 --- [http-nio-8080-exec-9] o.s.security.web.FilterChainProxy        : Invoking SecurityContextPersistenceFilter (3/13)
2023-12-20 10:10:52.516 DEBUG 672 --- [http-nio-8080-exec-9] s.s.w.c.SecurityContextPersistenceFilter : Set SecurityContextHolder to empty SecurityContext
2023-12-20 10:10:52.516 TRACE 672 --- [http-nio-8080-exec-9] o.s.security.web.FilterChainProxy        : Invoking HeaderWriterFilter (4/13)
2023-12-20 10:10:52.516 TRACE 672 --- [http-nio-8080-exec-9] o.s.security.web.FilterChainProxy        : Invoking CorsFilter (5/13)
2023-12-20 10:10:52.517 TRACE 672 --- [http-nio-8080-exec-9] o.s.s.w.header.writers.HstsHeaderWriter  : Not injecting HSTS header since it did not match request to [Is Secure]
2023-12-20 10:10:52.517 DEBUG 672 --- [http-nio-8080-exec-9] s.s.w.c.SecurityContextPersistenceFilter : Cleared SecurityContextHolder to complete request
2023-12-20 10:10:52.520 TRACE 672 --- [http-nio-8080-exec-6] o.s.security.web.FilterChainProxy        : Trying to match request against DefaultSecurityFilterChain [RequestMatcher=any request, Filters=[org.springframework.security.web.session.DisableEncodeUrlFilter@674c01ce, org.springframework.security.web.context.request.async.WebAsyncManagerIntegrationFilter@4b8ba6b7, org.springframework.security.web.context.SecurityContextPersistenceFilter@2a728076, org.springframework.security.web.header.HeaderWriterFilter@1b18fa79, org.springframework.web.filter.CorsFilter@509e0253, org.springframework.security.web.authentication.logout.LogoutFilter@7053a864, org.springframework.security.web.authentication.www.BasicAuthenticationFilter@779cda39, org.springframework.security.web.savedrequest.RequestCacheAwareFilter@67fda9fb, org.springframework.security.web.servletapi.SecurityContextHolderAwareRequestFilter@580a5b6e, org.springframework.security.web.authentication.AnonymousAuthenticationFilter@6c8f5262, org.springframework.security.web.session.SessionManagementFilter@34128fed, org.springframework.security.web.access.ExceptionTranslationFilter@103a1ad3, org.springframework.security.web.access.intercept.FilterSecurityInterceptor@22ea09b7]] (1/1)
2023-12-20 10:10:52.520 DEBUG 672 --- [http-nio-8080-exec-6] o.s.security.web.FilterChainProxy        : Securing GET /api/admin/gadget/all
2023-12-20 10:10:52.521 TRACE 672 --- [http-nio-8080-exec-6] o.s.security.web.FilterChainProxy        : Invoking DisableEncodeUrlFilter (1/13)
2023-12-20 10:10:52.521 TRACE 672 --- [http-nio-8080-exec-6] o.s.security.web.FilterChainProxy        : Invoking WebAsyncManagerIntegrationFilter (2/13)
2023-12-20 10:10:52.521 TRACE 672 --- [http-nio-8080-exec-6] o.s.security.web.FilterChainProxy        : Invoking SecurityContextPersistenceFilter (3/13)
2023-12-20 10:10:52.521 DEBUG 672 --- [http-nio-8080-exec-6] s.s.w.c.SecurityContextPersistenceFilter : Set SecurityContextHolder to empty SecurityContext
2023-12-20 10:10:52.521 TRACE 672 --- [http-nio-8080-exec-6] o.s.security.web.FilterChainProxy        : Invoking HeaderWriterFilter (4/13)
2023-12-20 10:10:52.521 TRACE 672 --- [http-nio-8080-exec-6] o.s.security.web.FilterChainProxy        : Invoking CorsFilter (5/13)
2023-12-20 10:10:52.522 TRACE 672 --- [http-nio-8080-exec-6] o.s.security.web.FilterChainProxy        : Invoking LogoutFilter (6/13)
2023-12-20 10:10:52.522 TRACE 672 --- [http-nio-8080-exec-6] o.s.s.w.a.logout.LogoutFilter            : Did not match request to Or [Ant [pattern='/logout', GET], Ant [pattern='/logout', POST], Ant [pattern='/logout', PUT], Ant [pattern='/logout', DELETE]]
2023-12-20 10:10:52.522 TRACE 672 --- [http-nio-8080-exec-6] o.s.security.web.FilterChainProxy        : Invoking BasicAuthenticationFilter (7/13)
2023-12-20 10:10:52.522 TRACE 672 --- [http-nio-8080-exec-6] o.s.s.w.a.www.BasicAuthenticationFilter  : Found username 'nithi' in Basic Authorization header
2023-12-20 10:10:52.522 TRACE 672 --- [http-nio-8080-exec-6] o.s.s.authentication.ProviderManager     : Authenticating request with DaoAuthenticationProvider (1/1)
2023-12-20 10:10:52.652 DEBUG 672 --- [http-nio-8080-exec-6] o.s.s.a.dao.DaoAuthenticationProvider    : Authenticated user
2023-12-20 10:10:52.652 DEBUG 672 --- [http-nio-8080-exec-6] o.s.s.w.a.www.BasicAuthenticationFilter  : Set SecurityContextHolder to UsernamePasswordAuthenticationToken [Principal=org.springframework.security.core.userdetails.User [Username=nithi, Password=[PROTECTED], Enabled=true, AccountNonExpired=true, credentialsNonExpired=true, AccountNonLocked=true, Granted Authorities=[ROLE_USER]], Credentials=[PROTECTED], Authenticated=true, Details=WebAuthenticationDetails [RemoteIpAddress=0:0:0:0:0:0:0:1, SessionId=null], Granted Authorities=[ROLE_USER]]
2023-12-20 10:10:52.652 TRACE 672 --- [http-nio-8080-exec-6] o.s.security.web.FilterChainProxy        : Invoking RequestCacheAwareFilter (8/13)
2023-12-20 10:10:52.652 TRACE 672 --- [http-nio-8080-exec-6] o.s.security.web.FilterChainProxy        : Invoking SecurityContextHolderAwareRequestFilter (9/13)
2023-12-20 10:10:52.652 TRACE 672 --- [http-nio-8080-exec-6] o.s.security.web.FilterChainProxy        : Invoking AnonymousAuthenticationFilter (10/13)
2023-12-20 10:10:52.653 TRACE 672 --- [http-nio-8080-exec-6] o.s.s.w.a.AnonymousAuthenticationFilter  : Did not set SecurityContextHolder since already authenticated UsernamePasswordAuthenticationToken [Principal=org.springframework.security.core.userdetails.User [Username=nithi, Password=[PROTECTED], Enabled=true, AccountNonExpired=true, credentialsNonExpired=true, AccountNonLocked=true, Granted Authorities=[ROLE_USER]], Credentials=[PROTECTED], Authenticated=true, Details=WebAuthenticationDetails [RemoteIpAddress=0:0:0:0:0:0:0:1, SessionId=null], Granted Authorities=[ROLE_USER]]
2023-12-20 10:10:52.653 TRACE 672 --- [http-nio-8080-exec-6] o.s.security.web.FilterChainProxy        : Invoking SessionManagementFilter (11/13)
2023-12-20 10:10:52.653 TRACE 672 --- [http-nio-8080-exec-6] s.CompositeSessionAuthenticationStrategy : Preparing session with ChangeSessionIdAuthenticationStrategy (1/1)
2023-12-20 10:10:52.653 TRACE 672 --- [http-nio-8080-exec-6] o.s.security.web.FilterChainProxy        : Invoking ExceptionTranslationFilter (12/13)
2023-12-20 10:10:52.653 TRACE 672 --- [http-nio-8080-exec-6] o.s.security.web.FilterChainProxy        : Invoking FilterSecurityInterceptor (13/13)
2023-12-20 10:10:52.653 TRACE 672 --- [http-nio-8080-exec-6] edFilterInvocationSecurityMetadataSource : Did not match request to Ant [pattern='/h2-console/**'] - [permitAll] (1/5)
2023-12-20 10:10:52.653 TRACE 672 --- [http-nio-8080-exec-6] edFilterInvocationSecurityMetadataSource : Did not match request to Ant [pattern='/api/auth/**'] - [permitAll] (2/5)
2023-12-20 10:10:52.653 TRACE 672 --- [http-nio-8080-exec-6] o.s.s.w.a.i.FilterSecurityInterceptor    : Did not re-authenticate UsernamePasswordAuthenticationToken [Principal=org.springframework.security.core.userdetails.User [Username=nithi, Password=[PROTECTED], Enabled=true, AccountNonExpired=true, credentialsNonExpired=true, AccountNonLocked=true, Granted Authorities=[ROLE_USER]], Credentials=[PROTECTED], Authenticated=true, Details=WebAuthenticationDetails [RemoteIpAddress=0:0:0:0:0:0:0:1, SessionId=null], Granted Authorities=[ROLE_USER]] before authorizing
2023-12-20 10:10:52.653 TRACE 672 --- [http-nio-8080-exec-6] o.s.s.w.a.i.FilterSecurityInterceptor    : Authorizing filter invocation [GET /api/admin/gadget/all] with attributes [permitAll]
2023-12-20 10:10:52.653 DEBUG 672 --- [http-nio-8080-exec-6] o.s.s.w.a.i.FilterSecurityInterceptor    : Authorized filter invocation [GET /api/admin/gadget/all] with attributes [permitAll]
2023-12-20 10:10:52.654 TRACE 672 --- [http-nio-8080-exec-6] o.s.s.w.a.i.FilterSecurityInterceptor    : Did not switch RunAs authentication since RunAsManager returned null
2023-12-20 10:10:52.654 DEBUG 672 --- [http-nio-8080-exec-6] o.s.security.web.FilterChainProxy        : Secured GET /api/admin/gadget/all
2023-12-20 10:10:52.659 TRACE 672 --- [http-nio-8080-exec-6] o.s.s.w.header.writers.HstsHeaderWriter  : Not injecting HSTS header since it did not match request to [Is Secure]
2023-12-20 10:10:52.659 DEBUG 672 --- [http-nio-8080-exec-6] s.s.w.c.SecurityContextPersistenceFilter : Cleared SecurityContextHolder to complete request
2023-12-20 10:13:18.421 TRACE 672 --- [http-nio-8080-exec-10] o.s.security.web.FilterChainProxy        : Trying to match request against DefaultSecurityFilterChain [RequestMatcher=any request, Filters=[org.springframework.security.web.session.DisableEncodeUrlFilter@674c01ce, org.springframework.security.web.context.request.async.WebAsyncManagerIntegrationFilter@4b8ba6b7, org.springframework.security.web.context.SecurityContextPersistenceFilter@2a728076, org.springframework.security.web.header.HeaderWriterFilter@1b18fa79, org.springframework.web.filter.CorsFilter@509e0253, org.springframework.security.web.authentication.logout.LogoutFilter@7053a864, org.springframework.security.web.authentication.www.BasicAuthenticationFilter@779cda39, org.springframework.security.web.savedrequest.RequestCacheAwareFilter@67fda9fb, org.springframework.security.web.servletapi.SecurityContextHolderAwareRequestFilter@580a5b6e, org.springframework.security.web.authentication.AnonymousAuthenticationFilter@6c8f5262, org.springframework.security.web.session.SessionManagementFilter@34128fed, org.springframework.security.web.access.ExceptionTranslationFilter@103a1ad3, org.springframework.security.web.access.intercept.FilterSecurityInterceptor@22ea09b7]] (1/1)
2023-12-20 10:13:18.422 DEBUG 672 --- [http-nio-8080-exec-10] o.s.security.web.FilterChainProxy        : Securing GET /api/admin/gadget/all
2023-12-20 10:13:18.422 TRACE 672 --- [http-nio-8080-exec-10] o.s.security.web.FilterChainProxy        : Invoking DisableEncodeUrlFilter (1/13)
2023-12-20 10:13:18.422 TRACE 672 --- [http-nio-8080-exec-10] o.s.security.web.FilterChainProxy        : Invoking WebAsyncManagerIntegrationFilter (2/13)
2023-12-20 10:13:18.422 TRACE 672 --- [http-nio-8080-exec-10] o.s.security.web.FilterChainProxy        : Invoking SecurityContextPersistenceFilter (3/13)
2023-12-20 10:13:18.422 DEBUG 672 --- [http-nio-8080-exec-10] s.s.w.c.SecurityContextPersistenceFilter : Set SecurityContextHolder to empty SecurityContext
2023-12-20 10:13:18.422 TRACE 672 --- [http-nio-8080-exec-10] o.s.security.web.FilterChainProxy        : Invoking HeaderWriterFilter (4/13)
2023-12-20 10:13:18.422 TRACE 672 --- [http-nio-8080-exec-10] o.s.security.web.FilterChainProxy        : Invoking CorsFilter (5/13)
2023-12-20 10:13:18.423 TRACE 672 --- [http-nio-8080-exec-10] o.s.security.web.FilterChainProxy        : Invoking LogoutFilter (6/13)
2023-12-20 10:13:18.423 TRACE 672 --- [http-nio-8080-exec-10] o.s.s.w.a.logout.LogoutFilter            : Did not match request to Or [Ant [pattern='/logout', GET], Ant [pattern='/logout', POST], Ant [pattern='/logout', PUT], Ant [pattern='/logout', DELETE]]
2023-12-20 10:13:18.423 TRACE 672 --- [http-nio-8080-exec-10] o.s.security.web.FilterChainProxy        : Invoking BasicAuthenticationFilter (7/13)
2023-12-20 10:13:18.423 TRACE 672 --- [http-nio-8080-exec-10] o.s.s.w.a.www.BasicAuthenticationFilter  : Found username 'nithi' in Basic Authorization header
2023-12-20 10:13:18.423 TRACE 672 --- [http-nio-8080-exec-10] o.s.s.authentication.ProviderManager     : Authenticating request with DaoAuthenticationProvider (1/1)
2023-12-20 10:13:18.528 DEBUG 672 --- [http-nio-8080-exec-10] o.s.s.a.dao.DaoAuthenticationProvider    : Authenticated user
2023-12-20 10:13:18.528 DEBUG 672 --- [http-nio-8080-exec-10] o.s.s.w.a.www.BasicAuthenticationFilter  : Set SecurityContextHolder to UsernamePasswordAuthenticationToken [Principal=org.springframework.security.core.userdetails.User [Username=nithi, Password=[PROTECTED], Enabled=true, AccountNonExpired=true, credentialsNonExpired=true, AccountNonLocked=true, Granted Authorities=[ROLE_USER]], Credentials=[PROTECTED], Authenticated=true, Details=WebAuthenticationDetails [RemoteIpAddress=0:0:0:0:0:0:0:1, SessionId=null], Granted Authorities=[ROLE_USER]]
2023-12-20 10:13:18.528 TRACE 672 --- [http-nio-8080-exec-10] o.s.security.web.FilterChainProxy        : Invoking RequestCacheAwareFilter (8/13)
2023-12-20 10:13:18.528 TRACE 672 --- [http-nio-8080-exec-10] o.s.security.web.FilterChainProxy        : Invoking SecurityContextHolderAwareRequestFilter (9/13)
2023-12-20 10:13:18.528 TRACE 672 --- [http-nio-8080-exec-10] o.s.security.web.FilterChainProxy        : Invoking AnonymousAuthenticationFilter (10/13)
2023-12-20 10:13:18.528 TRACE 672 --- [http-nio-8080-exec-10] o.s.s.w.a.AnonymousAuthenticationFilter  : Did not set SecurityContextHolder since already authenticated UsernamePasswordAuthenticationToken [Principal=org.springframework.security.core.userdetails.User [Username=nithi, Password=[PROTECTED], Enabled=true, AccountNonExpired=true, credentialsNonExpired=true, AccountNonLocked=true, Granted Authorities=[ROLE_USER]], Credentials=[PROTECTED], Authenticated=true, Details=WebAuthenticationDetails [RemoteIpAddress=0:0:0:0:0:0:0:1, SessionId=null], Granted Authorities=[ROLE_USER]]
2023-12-20 10:13:18.528 TRACE 672 --- [http-nio-8080-exec-10] o.s.security.web.FilterChainProxy        : Invoking SessionManagementFilter (11/13)
2023-12-20 10:13:18.528 TRACE 672 --- [http-nio-8080-exec-10] s.CompositeSessionAuthenticationStrategy : Preparing session with ChangeSessionIdAuthenticationStrategy (1/1)
2023-12-20 10:13:18.528 TRACE 672 --- [http-nio-8080-exec-10] o.s.security.web.FilterChainProxy        : Invoking ExceptionTranslationFilter (12/13)
2023-12-20 10:13:18.528 TRACE 672 --- [http-nio-8080-exec-10] o.s.security.web.FilterChainProxy        : Invoking FilterSecurityInterceptor (13/13)
2023-12-20 10:13:18.528 TRACE 672 --- [http-nio-8080-exec-10] edFilterInvocationSecurityMetadataSource : Did not match request to Ant [pattern='/h2-console/**'] - [permitAll] (1/5)
2023-12-20 10:13:18.528 TRACE 672 --- [http-nio-8080-exec-10] edFilterInvocationSecurityMetadataSource : Did not match request to Ant [pattern='/api/auth/**'] - [permitAll] (2/5)
2023-12-20 10:13:18.528 TRACE 672 --- [http-nio-8080-exec-10] o.s.s.w.a.i.FilterSecurityInterceptor    : Did not re-authenticate UsernamePasswordAuthenticationToken [Principal=org.springframework.security.core.userdetails.User [Username=nithi, Password=[PROTECTED], Enabled=true, AccountNonExpired=true, credentialsNonExpired=true, AccountNonLocked=true, Granted Authorities=[ROLE_USER]], Credentials=[PROTECTED], Authenticated=true, Details=WebAuthenticationDetails [RemoteIpAddress=0:0:0:0:0:0:0:1, SessionId=null], Granted Authorities=[ROLE_USER]] before authorizing
2023-12-20 10:13:18.528 TRACE 672 --- [http-nio-8080-exec-10] o.s.s.w.a.i.FilterSecurityInterceptor    : Authorizing filter invocation [GET /api/admin/gadget/all] with attributes [permitAll]
2023-12-20 10:13:18.529 DEBUG 672 --- [http-nio-8080-exec-10] o.s.s.w.a.i.FilterSecurityInterceptor    : Authorized filter invocation [GET /api/admin/gadget/all] with attributes [permitAll]
2023-12-20 10:13:18.529 TRACE 672 --- [http-nio-8080-exec-10] o.s.s.w.a.i.FilterSecurityInterceptor    : Did not switch RunAs authentication since RunAsManager returned null
2023-12-20 10:13:18.529 DEBUG 672 --- [http-nio-8080-exec-10] o.s.security.web.FilterChainProxy        : Secured GET /api/admin/gadget/all
2023-12-20 10:13:18.531 TRACE 672 --- [http-nio-8080-exec-10] o.s.s.w.header.writers.HstsHeaderWriter  : Not injecting HSTS header since it did not match request to [Is Secure]
2023-12-20 10:13:18.531 DEBUG 672 --- [http-nio-8080-exec-10] s.s.w.c.SecurityContextPersistenceFilter : Cleared SecurityContextHolder to complete request
2023-12-20 10:36:00.879 TRACE 672 --- [http-nio-8080-exec-4] o.s.security.web.FilterChainProxy        : Trying to match request against DefaultSecurityFilterChain [RequestMatcher=any request, Filters=[org.springframework.security.web.session.DisableEncodeUrlFilter@674c01ce, org.springframework.security.web.context.request.async.WebAsyncManagerIntegrationFilter@4b8ba6b7, org.springframework.security.web.context.SecurityContextPersistenceFilter@2a728076, org.springframework.security.web.header.HeaderWriterFilter@1b18fa79, org.springframework.web.filter.CorsFilter@509e0253, org.springframework.security.web.authentication.logout.LogoutFilter@7053a864, org.springframework.security.web.authentication.www.BasicAuthenticationFilter@779cda39, org.springframework.security.web.savedrequest.RequestCacheAwareFilter@67fda9fb, org.springframework.security.web.servletapi.SecurityContextHolderAwareRequestFilter@580a5b6e, org.springframework.security.web.authentication.AnonymousAuthenticationFilter@6c8f5262, org.springframework.security.web.session.SessionManagementFilter@34128fed, org.springframework.security.web.access.ExceptionTranslationFilter@103a1ad3, org.springframework.security.web.access.intercept.FilterSecurityInterceptor@22ea09b7]] (1/1)
2023-12-20 10:36:00.880 DEBUG 672 --- [http-nio-8080-exec-4] o.s.security.web.FilterChainProxy        : Securing GET /api/cart/24
2023-12-20 10:36:00.880 TRACE 672 --- [http-nio-8080-exec-4] o.s.security.web.FilterChainProxy        : Invoking DisableEncodeUrlFilter (1/13)
2023-12-20 10:36:00.880 TRACE 672 --- [http-nio-8080-exec-4] o.s.security.web.FilterChainProxy        : Invoking WebAsyncManagerIntegrationFilter (2/13)
2023-12-20 10:36:00.880 TRACE 672 --- [http-nio-8080-exec-4] o.s.security.web.FilterChainProxy        : Invoking SecurityContextPersistenceFilter (3/13)
2023-12-20 10:36:00.880 DEBUG 672 --- [http-nio-8080-exec-4] s.s.w.c.SecurityContextPersistenceFilter : Set SecurityContextHolder to empty SecurityContext
2023-12-20 10:36:00.880 TRACE 672 --- [http-nio-8080-exec-4] o.s.security.web.FilterChainProxy        : Invoking HeaderWriterFilter (4/13)
2023-12-20 10:36:00.880 TRACE 672 --- [http-nio-8080-exec-4] o.s.security.web.FilterChainProxy        : Invoking CorsFilter (5/13)
2023-12-20 10:36:00.881 TRACE 672 --- [http-nio-8080-exec-4] o.s.security.web.FilterChainProxy        : Invoking LogoutFilter (6/13)
2023-12-20 10:36:00.881 TRACE 672 --- [http-nio-8080-exec-4] o.s.s.w.a.logout.LogoutFilter            : Did not match request to Or [Ant [pattern='/logout', GET], Ant [pattern='/logout', POST], Ant [pattern='/logout', PUT], Ant [pattern='/logout', DELETE]]
2023-12-20 10:36:00.881 TRACE 672 --- [http-nio-8080-exec-4] o.s.security.web.FilterChainProxy        : Invoking BasicAuthenticationFilter (7/13)
2023-12-20 10:36:00.881 TRACE 672 --- [http-nio-8080-exec-4] o.s.s.w.a.www.BasicAuthenticationFilter  : Found username 'nithi' in Basic Authorization header
2023-12-20 10:36:00.882 TRACE 672 --- [http-nio-8080-exec-4] o.s.s.authentication.ProviderManager     : Authenticating request with DaoAuthenticationProvider (1/1)
2023-12-20 10:36:01.022 DEBUG 672 --- [http-nio-8080-exec-4] o.s.s.a.dao.DaoAuthenticationProvider    : Authenticated user
2023-12-20 10:36:01.022 DEBUG 672 --- [http-nio-8080-exec-4] o.s.s.w.a.www.BasicAuthenticationFilter  : Set SecurityContextHolder to UsernamePasswordAuthenticationToken [Principal=org.springframework.security.core.userdetails.User [Username=nithi, Password=[PROTECTED], Enabled=true, AccountNonExpired=true, credentialsNonExpired=true, AccountNonLocked=true, Granted Authorities=[ROLE_USER]], Credentials=[PROTECTED], Authenticated=true, Details=WebAuthenticationDetails [RemoteIpAddress=0:0:0:0:0:0:0:1, SessionId=null], Granted Authorities=[ROLE_USER]]
2023-12-20 10:36:01.022 TRACE 672 --- [http-nio-8080-exec-4] o.s.security.web.FilterChainProxy        : Invoking RequestCacheAwareFilter (8/13)
2023-12-20 10:36:01.022 TRACE 672 --- [http-nio-8080-exec-4] o.s.security.web.FilterChainProxy        : Invoking SecurityContextHolderAwareRequestFilter (9/13)
2023-12-20 10:36:01.022 TRACE 672 --- [http-nio-8080-exec-4] o.s.security.web.FilterChainProxy        : Invoking AnonymousAuthenticationFilter (10/13)
2023-12-20 10:36:01.023 TRACE 672 --- [http-nio-8080-exec-4] o.s.s.w.a.AnonymousAuthenticationFilter  : Did not set SecurityContextHolder since already authenticated UsernamePasswordAuthenticationToken [Principal=org.springframework.security.core.userdetails.User [Username=nithi, Password=[PROTECTED], Enabled=true, AccountNonExpired=true, credentialsNonExpired=true, AccountNonLocked=true, Granted Authorities=[ROLE_USER]], Credentials=[PROTECTED], Authenticated=true, Details=WebAuthenticationDetails [RemoteIpAddress=0:0:0:0:0:0:0:1, SessionId=null], Granted Authorities=[ROLE_USER]]
2023-12-20 10:36:01.023 TRACE 672 --- [http-nio-8080-exec-4] o.s.security.web.FilterChainProxy        : Invoking SessionManagementFilter (11/13)
2023-12-20 10:36:01.023 TRACE 672 --- [http-nio-8080-exec-4] s.CompositeSessionAuthenticationStrategy : Preparing session with ChangeSessionIdAuthenticationStrategy (1/1)
2023-12-20 10:36:01.023 TRACE 672 --- [http-nio-8080-exec-4] o.s.security.web.FilterChainProxy        : Invoking ExceptionTranslationFilter (12/13)
2023-12-20 10:36:01.023 TRACE 672 --- [http-nio-8080-exec-4] o.s.security.web.FilterChainProxy        : Invoking FilterSecurityInterceptor (13/13)
2023-12-20 10:36:01.023 TRACE 672 --- [http-nio-8080-exec-4] edFilterInvocationSecurityMetadataSource : Did not match request to Ant [pattern='/h2-console/**'] - [permitAll] (1/5)
2023-12-20 10:36:01.023 TRACE 672 --- [http-nio-8080-exec-4] edFilterInvocationSecurityMetadataSource : Did not match request to Ant [pattern='/api/auth/**'] - [permitAll] (2/5)
2023-12-20 10:36:01.023 TRACE 672 --- [http-nio-8080-exec-4] edFilterInvocationSecurityMetadataSource : Did not match request to Ant [pattern='/api/admin/**'] - [permitAll] (3/5)
2023-12-20 10:36:01.023 TRACE 672 --- [http-nio-8080-exec-4] edFilterInvocationSecurityMetadataSource : Did not match request to Ant [pattern='/swagger-ui/**'] - [permitAll] (4/5)
2023-12-20 10:36:01.023 TRACE 672 --- [http-nio-8080-exec-4] o.s.s.w.a.i.FilterSecurityInterceptor    : Did not re-authenticate UsernamePasswordAuthenticationToken [Principal=org.springframework.security.core.userdetails.User [Username=nithi, Password=[PROTECTED], Enabled=true, AccountNonExpired=true, credentialsNonExpired=true, AccountNonLocked=true, Granted Authorities=[ROLE_USER]], Credentials=[PROTECTED], Authenticated=true, Details=WebAuthenticationDetails [RemoteIpAddress=0:0:0:0:0:0:0:1, SessionId=null], Granted Authorities=[ROLE_USER]] before authorizing
2023-12-20 10:36:01.023 TRACE 672 --- [http-nio-8080-exec-4] o.s.s.w.a.i.FilterSecurityInterceptor    : Authorizing filter invocation [GET /api/cart/24] with attributes [authenticated]
2023-12-20 10:36:01.024 DEBUG 672 --- [http-nio-8080-exec-4] o.s.s.w.a.i.FilterSecurityInterceptor    : Authorized filter invocation [GET /api/cart/24] with attributes [authenticated]
2023-12-20 10:36:01.024 TRACE 672 --- [http-nio-8080-exec-4] o.s.s.w.a.i.FilterSecurityInterceptor    : Did not switch RunAs authentication since RunAsManager returned null
2023-12-20 10:36:01.024 DEBUG 672 --- [http-nio-8080-exec-4] o.s.security.web.FilterChainProxy        : Secured GET /api/cart/24
2023-12-20 10:36:01.026 TRACE 672 --- [http-nio-8080-exec-4] o.s.s.w.header.writers.HstsHeaderWriter  : Not injecting HSTS header since it did not match request to [Is Secure]
2023-12-20 10:36:01.027 DEBUG 672 --- [http-nio-8080-exec-4] s.s.w.c.SecurityContextPersistenceFilter : Cleared SecurityContextHolder to complete request
2023-12-20 10:36:02.479 TRACE 672 --- [http-nio-8080-exec-5] o.s.security.web.FilterChainProxy        : Trying to match request against DefaultSecurityFilterChain [RequestMatcher=any request, Filters=[org.springframework.security.web.session.DisableEncodeUrlFilter@674c01ce, org.springframework.security.web.context.request.async.WebAsyncManagerIntegrationFilter@4b8ba6b7, org.springframework.security.web.context.SecurityContextPersistenceFilter@2a728076, org.springframework.security.web.header.HeaderWriterFilter@1b18fa79, org.springframework.web.filter.CorsFilter@509e0253, org.springframework.security.web.authentication.logout.LogoutFilter@7053a864, org.springframework.security.web.authentication.www.BasicAuthenticationFilter@779cda39, org.springframework.security.web.savedrequest.RequestCacheAwareFilter@67fda9fb, org.springframework.security.web.servletapi.SecurityContextHolderAwareRequestFilter@580a5b6e, org.springframework.security.web.authentication.AnonymousAuthenticationFilter@6c8f5262, org.springframework.security.web.session.SessionManagementFilter@34128fed, org.springframework.security.web.access.ExceptionTranslationFilter@103a1ad3, org.springframework.security.web.access.intercept.FilterSecurityInterceptor@22ea09b7]] (1/1)
2023-12-20 10:36:02.480 DEBUG 672 --- [http-nio-8080-exec-5] o.s.security.web.FilterChainProxy        : Securing OPTIONS /api/order/24
2023-12-20 10:36:02.480 TRACE 672 --- [http-nio-8080-exec-5] o.s.security.web.FilterChainProxy        : Invoking DisableEncodeUrlFilter (1/13)
2023-12-20 10:36:02.480 TRACE 672 --- [http-nio-8080-exec-5] o.s.security.web.FilterChainProxy        : Invoking WebAsyncManagerIntegrationFilter (2/13)
2023-12-20 10:36:02.480 TRACE 672 --- [http-nio-8080-exec-5] o.s.security.web.FilterChainProxy        : Invoking SecurityContextPersistenceFilter (3/13)
2023-12-20 10:36:02.480 DEBUG 672 --- [http-nio-8080-exec-5] s.s.w.c.SecurityContextPersistenceFilter : Set SecurityContextHolder to empty SecurityContext
2023-12-20 10:36:02.480 TRACE 672 --- [http-nio-8080-exec-5] o.s.security.web.FilterChainProxy        : Invoking HeaderWriterFilter (4/13)
2023-12-20 10:36:02.480 TRACE 672 --- [http-nio-8080-exec-5] o.s.security.web.FilterChainProxy        : Invoking CorsFilter (5/13)
2023-12-20 10:36:02.481 TRACE 672 --- [http-nio-8080-exec-5] o.s.s.w.header.writers.HstsHeaderWriter  : Not injecting HSTS header since it did not match request to [Is Secure]
2023-12-20 10:36:02.481 DEBUG 672 --- [http-nio-8080-exec-5] s.s.w.c.SecurityContextPersistenceFilter : Cleared SecurityContextHolder to complete request
2023-12-20 10:36:02.484 TRACE 672 --- [http-nio-8080-exec-3] o.s.security.web.FilterChainProxy        : Trying to match request against DefaultSecurityFilterChain [RequestMatcher=any request, Filters=[org.springframework.security.web.session.DisableEncodeUrlFilter@674c01ce, org.springframework.security.web.context.request.async.WebAsyncManagerIntegrationFilter@4b8ba6b7, org.springframework.security.web.context.SecurityContextPersistenceFilter@2a728076, org.springframework.security.web.header.HeaderWriterFilter@1b18fa79, org.springframework.web.filter.CorsFilter@509e0253, org.springframework.security.web.authentication.logout.LogoutFilter@7053a864, org.springframework.security.web.authentication.www.BasicAuthenticationFilter@779cda39, org.springframework.security.web.savedrequest.RequestCacheAwareFilter@67fda9fb, org.springframework.security.web.servletapi.SecurityContextHolderAwareRequestFilter@580a5b6e, org.springframework.security.web.authentication.AnonymousAuthenticationFilter@6c8f5262, org.springframework.security.web.session.SessionManagementFilter@34128fed, org.springframework.security.web.access.ExceptionTranslationFilter@103a1ad3, org.springframework.security.web.access.intercept.FilterSecurityInterceptor@22ea09b7]] (1/1)
2023-12-20 10:36:02.484 DEBUG 672 --- [http-nio-8080-exec-3] o.s.security.web.FilterChainProxy        : Securing GET /api/order/24
2023-12-20 10:36:02.484 TRACE 672 --- [http-nio-8080-exec-3] o.s.security.web.FilterChainProxy        : Invoking DisableEncodeUrlFilter (1/13)
2023-12-20 10:36:02.484 TRACE 672 --- [http-nio-8080-exec-3] o.s.security.web.FilterChainProxy        : Invoking WebAsyncManagerIntegrationFilter (2/13)
2023-12-20 10:36:02.484 TRACE 672 --- [http-nio-8080-exec-3] o.s.security.web.FilterChainProxy        : Invoking SecurityContextPersistenceFilter (3/13)
2023-12-20 10:36:02.484 DEBUG 672 --- [http-nio-8080-exec-3] s.s.w.c.SecurityContextPersistenceFilter : Set SecurityContextHolder to empty SecurityContext
2023-12-20 10:36:02.489 TRACE 672 --- [http-nio-8080-exec-3] o.s.security.web.FilterChainProxy        : Invoking HeaderWriterFilter (4/13)
2023-12-20 10:36:02.490 TRACE 672 --- [http-nio-8080-exec-3] o.s.security.web.FilterChainProxy        : Invoking CorsFilter (5/13)
2023-12-20 10:36:02.492 TRACE 672 --- [http-nio-8080-exec-3] o.s.security.web.FilterChainProxy        : Invoking LogoutFilter (6/13)
2023-12-20 10:36:02.492 TRACE 672 --- [http-nio-8080-exec-3] o.s.s.w.a.logout.LogoutFilter            : Did not match request to Or [Ant [pattern='/logout', GET], Ant [pattern='/logout', POST], Ant [pattern='/logout', PUT], Ant [pattern='/logout', DELETE]]
2023-12-20 10:36:02.492 TRACE 672 --- [http-nio-8080-exec-3] o.s.security.web.FilterChainProxy        : Invoking BasicAuthenticationFilter (7/13)
2023-12-20 10:36:02.493 TRACE 672 --- [http-nio-8080-exec-3] o.s.s.w.a.www.BasicAuthenticationFilter  : Found username 'nithi' in Basic Authorization header
2023-12-20 10:36:02.493 TRACE 672 --- [http-nio-8080-exec-3] o.s.s.authentication.ProviderManager     : Authenticating request with DaoAuthenticationProvider (1/1)
2023-12-20 10:36:02.648 DEBUG 672 --- [http-nio-8080-exec-3] o.s.s.a.dao.DaoAuthenticationProvider    : Authenticated user
2023-12-20 10:36:02.648 DEBUG 672 --- [http-nio-8080-exec-3] o.s.s.w.a.www.BasicAuthenticationFilter  : Set SecurityContextHolder to UsernamePasswordAuthenticationToken [Principal=org.springframework.security.core.userdetails.User [Username=nithi, Password=[PROTECTED], Enabled=true, AccountNonExpired=true, credentialsNonExpired=true, AccountNonLocked=true, Granted Authorities=[ROLE_USER]], Credentials=[PROTECTED], Authenticated=true, Details=WebAuthenticationDetails [RemoteIpAddress=0:0:0:0:0:0:0:1, SessionId=null], Granted Authorities=[ROLE_USER]]
2023-12-20 10:36:02.648 TRACE 672 --- [http-nio-8080-exec-3] o.s.security.web.FilterChainProxy        : Invoking RequestCacheAwareFilter (8/13)
2023-12-20 10:36:02.648 TRACE 672 --- [http-nio-8080-exec-3] o.s.security.web.FilterChainProxy        : Invoking SecurityContextHolderAwareRequestFilter (9/13)
2023-12-20 10:36:02.648 TRACE 672 --- [http-nio-8080-exec-3] o.s.security.web.FilterChainProxy        : Invoking AnonymousAuthenticationFilter (10/13)
2023-12-20 10:36:02.648 TRACE 672 --- [http-nio-8080-exec-3] o.s.s.w.a.AnonymousAuthenticationFilter  : Did not set SecurityContextHolder since already authenticated UsernamePasswordAuthenticationToken [Principal=org.springframework.security.core.userdetails.User [Username=nithi, Password=[PROTECTED], Enabled=true, AccountNonExpired=true, credentialsNonExpired=true, AccountNonLocked=true, Granted Authorities=[ROLE_USER]], Credentials=[PROTECTED], Authenticated=true, Details=WebAuthenticationDetails [RemoteIpAddress=0:0:0:0:0:0:0:1, SessionId=null], Granted Authorities=[ROLE_USER]]
2023-12-20 10:36:02.649 TRACE 672 --- [http-nio-8080-exec-3] o.s.security.web.FilterChainProxy        : Invoking SessionManagementFilter (11/13)
2023-12-20 10:36:02.649 TRACE 672 --- [http-nio-8080-exec-3] s.CompositeSessionAuthenticationStrategy : Preparing session with ChangeSessionIdAuthenticationStrategy (1/1)
2023-12-20 10:36:02.649 TRACE 672 --- [http-nio-8080-exec-3] o.s.security.web.FilterChainProxy        : Invoking ExceptionTranslationFilter (12/13)
2023-12-20 10:36:02.649 TRACE 672 --- [http-nio-8080-exec-3] o.s.security.web.FilterChainProxy        : Invoking FilterSecurityInterceptor (13/13)
2023-12-20 10:36:02.649 TRACE 672 --- [http-nio-8080-exec-3] edFilterInvocationSecurityMetadataSource : Did not match request to Ant [pattern='/h2-console/**'] - [permitAll] (1/5)
2023-12-20 10:36:02.649 TRACE 672 --- [http-nio-8080-exec-3] edFilterInvocationSecurityMetadataSource : Did not match request to Ant [pattern='/api/auth/**'] - [permitAll] (2/5)
2023-12-20 10:36:02.649 TRACE 672 --- [http-nio-8080-exec-3] edFilterInvocationSecurityMetadataSource : Did not match request to Ant [pattern='/api/admin/**'] - [permitAll] (3/5)
2023-12-20 10:36:02.649 TRACE 672 --- [http-nio-8080-exec-3] edFilterInvocationSecurityMetadataSource : Did not match request to Ant [pattern='/swagger-ui/**'] - [permitAll] (4/5)
2023-12-20 10:36:02.649 TRACE 672 --- [http-nio-8080-exec-3] o.s.s.w.a.i.FilterSecurityInterceptor    : Did not re-authenticate UsernamePasswordAuthenticationToken [Principal=org.springframework.security.core.userdetails.User [Username=nithi, Password=[PROTECTED], Enabled=true, AccountNonExpired=true, credentialsNonExpired=true, AccountNonLocked=true, Granted Authorities=[ROLE_USER]], Credentials=[PROTECTED], Authenticated=true, Details=WebAuthenticationDetails [RemoteIpAddress=0:0:0:0:0:0:0:1, SessionId=null], Granted Authorities=[ROLE_USER]] before authorizing
2023-12-20 10:36:02.649 TRACE 672 --- [http-nio-8080-exec-3] o.s.s.w.a.i.FilterSecurityInterceptor    : Authorizing filter invocation [GET /api/order/24] with attributes [authenticated]
2023-12-20 10:36:02.650 DEBUG 672 --- [http-nio-8080-exec-3] o.s.s.w.a.i.FilterSecurityInterceptor    : Authorized filter invocation [GET /api/order/24] with attributes [authenticated]
2023-12-20 10:36:02.650 TRACE 672 --- [http-nio-8080-exec-3] o.s.s.w.a.i.FilterSecurityInterceptor    : Did not switch RunAs authentication since RunAsManager returned null
2023-12-20 10:36:02.650 DEBUG 672 --- [http-nio-8080-exec-3] o.s.security.web.FilterChainProxy        : Secured GET /api/order/24
2023-12-20 10:36:02.662 TRACE 672 --- [http-nio-8080-exec-3] o.s.s.w.header.writers.HstsHeaderWriter  : Not injecting HSTS header since it did not match request to [Is Secure]
2023-12-20 10:36:02.662 DEBUG 672 --- [http-nio-8080-exec-3] s.s.w.c.SecurityContextPersistenceFilter : Cleared SecurityContextHolder to complete request
2023-12-20 11:14:54.985  INFO 672 --- [SpringApplicationShutdownHook] j.LocalContainerEntityManagerFactoryBean : Closing JPA EntityManagerFactory for persistence unit 'default'
2023-12-20 11:14:54.991  INFO 672 --- [SpringApplicationShutdownHook] com.zaxxer.hikari.HikariDataSource       : HikariPool-1 - Shutdown initiated...
2023-12-20 11:14:54.997  INFO 672 --- [SpringApplicationShutdownHook] com.zaxxer.hikari.HikariDataSource       : HikariPool-1 - Shutdown completed.
2023-12-20 11:39:43.231  INFO 12340 --- [main] SpringBootRestApiStarterApplicationTests : Starting SpringBootRestApiStarterApplicationTests using Java 17.0.9 on KS20L757 with PID 12340 (started by kumaran in C:\Users\kumaran\Documents\Final-Project\Spring-Boot-Api-Electronic-Store-master)
2023-12-20 11:39:43.233  INFO 12340 --- [main] SpringBootRestApiStarterApplicationTests : No active profile set, falling back to 1 default profile: "default"
2023-12-20 11:39:45.381  INFO 12340 --- [main] .s.d.r.c.RepositoryConfigurationDelegate : Bootstrapping Spring Data JPA repositories in DEFAULT mode.
2023-12-20 11:39:45.539  INFO 12340 --- [main] .s.d.r.c.RepositoryConfigurationDelegate : Finished Spring Data repository scanning in 143 ms. Found 9 JPA repository interfaces.
2023-12-20 11:39:46.899  INFO 12340 --- [main] o.hibernate.jpa.internal.util.LogHelper  : HHH000204: Processing PersistenceUnitInfo [name: default]
2023-12-20 11:39:47.029  INFO 12340 --- [main] org.hibernate.Version                    : HHH000412: Hibernate ORM core version 5.6.15.Final
2023-12-20 11:39:47.477  INFO 12340 --- [main] o.hibernate.annotations.common.Version   : HCANN000001: Hibernate Commons Annotations {5.1.2.Final}
2023-12-20 11:39:47.806  INFO 12340 --- [main] com.zaxxer.hikari.HikariDataSource       : HikariPool-1 - Starting...
2023-12-20 11:39:48.165  INFO 12340 --- [main] com.zaxxer.hikari.HikariDataSource       : HikariPool-1 - Start completed.
2023-12-20 11:39:48.200  INFO 12340 --- [main] org.hibernate.dialect.Dialect            : HHH000400: Using dialect: org.hibernate.dialect.MySQL8Dialect
2023-12-20 11:39:50.015  INFO 12340 --- [main] o.h.e.t.j.p.i.JtaPlatformInitiator       : HHH000490: Using JtaPlatform implementation: [org.hibernate.engine.transaction.jta.platform.internal.NoJtaPlatform]
2023-12-20 11:39:50.041  INFO 12340 --- [main] j.LocalContainerEntityManagerFactoryBean : Initialized JPA EntityManagerFactory for persistence unit 'default'
2023-12-20 11:39:50.269  WARN 12340 --- [main] JpaBaseConfiguration$JpaWebConfiguration : spring.jpa.open-in-view is enabled by default. Therefore, database queries may be performed during view rendering. Explicitly configure spring.jpa.open-in-view to disable this warning
2023-12-20 11:39:53.321 TRACE 12340 --- [main] eGlobalAuthenticationAutowiredConfigurer : Eagerly initializing {securityConfig=com.restapi.config.SecurityConfig$$EnhancerBySpringCGLIB$$f7be18a3@64a4739}
2023-12-20 11:39:53.604 DEBUG 12340 --- [main] edFilterInvocationSecurityMetadataSource : Adding web access control expression [permitAll] for Ant [pattern='/h2-console/**']
2023-12-20 11:39:53.606 DEBUG 12340 --- [main] edFilterInvocationSecurityMetadataSource : Adding web access control expression [permitAll] for Ant [pattern='/api/auth/**']
2023-12-20 11:39:53.607 DEBUG 12340 --- [main] edFilterInvocationSecurityMetadataSource : Adding web access control expression [permitAll] for Ant [pattern='/api/admin/**']
2023-12-20 11:39:53.608 DEBUG 12340 --- [main] edFilterInvocationSecurityMetadataSource : Adding web access control expression [permitAll] for Ant [pattern='/swagger-ui/**']
2023-12-20 11:39:53.608 DEBUG 12340 --- [main] edFilterInvocationSecurityMetadataSource : Adding web access control expression [authenticated] for any request
2023-12-20 11:39:53.620 TRACE 12340 --- [main] o.s.s.w.a.i.FilterSecurityInterceptor    : Validated configuration attributes
2023-12-20 11:39:53.623 TRACE 12340 --- [main] o.s.s.w.a.i.FilterSecurityInterceptor    : Validated configuration attributes
2023-12-20 11:39:53.768  INFO 12340 --- [main] o.s.s.web.DefaultSecurityFilterChain     : Will secure any request with [org.springframework.security.web.session.DisableEncodeUrlFilter@374712f8, org.springframework.security.web.context.request.async.WebAsyncManagerIntegrationFilter@33aa4326, org.springframework.security.web.context.SecurityContextPersistenceFilter@193710c3, org.springframework.security.web.header.HeaderWriterFilter@216c6825, org.springframework.web.filter.CorsFilter@125ed27, org.springframework.security.web.authentication.logout.LogoutFilter@101eb529, org.springframework.security.web.authentication.www.BasicAuthenticationFilter@52984065, org.springframework.security.web.savedrequest.RequestCacheAwareFilter@7f19430f, org.springframework.security.web.servletapi.SecurityContextHolderAwareRequestFilter@5e89e527, org.springframework.security.web.authentication.AnonymousAuthenticationFilter@2dedde74, org.springframework.security.web.session.SessionManagementFilter@6c96dc5c, org.springframework.security.web.access.ExceptionTranslationFilter@75f316df, org.springframework.security.web.access.intercept.FilterSecurityInterceptor@3fecdd00]
2023-12-20 11:39:55.875  INFO 12340 --- [main] SpringBootRestApiStarterApplicationTests : Started SpringBootRestApiStarterApplicationTests in 13.238 seconds (JVM running for 14.988)
2023-12-20 11:39:56.421  INFO 12340 --- [SpringApplicationShutdownHook] j.LocalContainerEntityManagerFactoryBean : Closing JPA EntityManagerFactory for persistence unit 'default'
2023-12-20 11:39:56.426  INFO 12340 --- [SpringApplicationShutdownHook] com.zaxxer.hikari.HikariDataSource       : HikariPool-1 - Shutdown initiated...
2023-12-20 11:39:56.436  INFO 12340 --- [SpringApplicationShutdownHook] com.zaxxer.hikari.HikariDataSource       : HikariPool-1 - Shutdown completed.
2023-12-20 11:40:32.597  INFO 15632 --- [main] c.r.SpringBootRestApiStarterApplication  : Starting SpringBootRestApiStarterApplication using Java 17.0.9 on KS20L757 with PID 15632 (C:\Users\kumaran\Documents\Final-Project\Spring-Boot-Api-Electronic-Store-master\target\classes started by kumaran in C:\Users\kumaran\Documents\Final-Project\Spring-Boot-Api-Electronic-Store-master)
2023-12-20 11:40:32.602  INFO 15632 --- [main] c.r.SpringBootRestApiStarterApplication  : No active profile set, falling back to 1 default profile: "default"
2023-12-20 11:40:34.429  INFO 15632 --- [main] .s.d.r.c.RepositoryConfigurationDelegate : Bootstrapping Spring Data JPA repositories in DEFAULT mode.
2023-12-20 11:40:34.591  INFO 15632 --- [main] .s.d.r.c.RepositoryConfigurationDelegate : Finished Spring Data repository scanning in 144 ms. Found 9 JPA repository interfaces.
2023-12-20 11:40:35.990  INFO 15632 --- [main] o.s.b.w.embedded.tomcat.TomcatWebServer  : Tomcat initialized with port(s): 8080 (http)
2023-12-20 11:40:36.007  INFO 15632 --- [main] o.apache.catalina.core.StandardService   : Starting service [Tomcat]
2023-12-20 11:40:36.008  INFO 15632 --- [main] org.apache.catalina.core.StandardEngine  : Starting Servlet engine: [Apache Tomcat/9.0.82]
2023-12-20 11:40:36.287  INFO 15632 --- [main] o.a.c.c.C.[Tomcat].[localhost].[/]       : Initializing Spring embedded WebApplicationContext
2023-12-20 11:40:36.287  INFO 15632 --- [main] w.s.c.ServletWebServerApplicationContext : Root WebApplicationContext: initialization completed in 3561 ms
2023-12-20 11:40:36.597  INFO 15632 --- [main] o.hibernate.jpa.internal.util.LogHelper  : HHH000204: Processing PersistenceUnitInfo [name: default]
2023-12-20 11:40:36.712  INFO 15632 --- [main] org.hibernate.Version                    : HHH000412: Hibernate ORM core version 5.6.15.Final
2023-12-20 11:40:37.052  INFO 15632 --- [main] o.hibernate.annotations.common.Version   : HCANN000001: Hibernate Commons Annotations {5.1.2.Final}
2023-12-20 11:40:37.247  INFO 15632 --- [main] com.zaxxer.hikari.HikariDataSource       : HikariPool-1 - Starting...
2023-12-20 11:40:37.584  INFO 15632 --- [main] com.zaxxer.hikari.HikariDataSource       : HikariPool-1 - Start completed.
2023-12-20 11:40:37.614  INFO 15632 --- [main] org.hibernate.dialect.Dialect            : HHH000400: Using dialect: org.hibernate.dialect.MySQL8Dialect
2023-12-20 11:40:39.093  INFO 15632 --- [main] o.h.e.t.j.p.i.JtaPlatformInitiator       : HHH000490: Using JtaPlatform implementation: [org.hibernate.engine.transaction.jta.platform.internal.NoJtaPlatform]
2023-12-20 11:40:39.104  INFO 15632 --- [main] j.LocalContainerEntityManagerFactoryBean : Initialized JPA EntityManagerFactory for persistence unit 'default'
2023-12-20 11:40:39.169  WARN 15632 --- [main] JpaBaseConfiguration$JpaWebConfiguration : spring.jpa.open-in-view is enabled by default. Therefore, database queries may be performed during view rendering. Explicitly configure spring.jpa.open-in-view to disable this warning
2023-12-20 11:40:41.181 TRACE 15632 --- [main] eGlobalAuthenticationAutowiredConfigurer : Eagerly initializing {securityConfig=com.restapi.config.SecurityConfig$$EnhancerBySpringCGLIB$$daaebf18@1e965426}
2023-12-20 11:40:41.343 DEBUG 15632 --- [main] edFilterInvocationSecurityMetadataSource : Adding web access control expression [permitAll] for Ant [pattern='/h2-console/**']
2023-12-20 11:40:41.344 DEBUG 15632 --- [main] edFilterInvocationSecurityMetadataSource : Adding web access control expression [permitAll] for Ant [pattern='/api/auth/**']
2023-12-20 11:40:41.345 DEBUG 15632 --- [main] edFilterInvocationSecurityMetadataSource : Adding web access control expression [permitAll] for Ant [pattern='/api/admin/**']
2023-12-20 11:40:41.346 DEBUG 15632 --- [main] edFilterInvocationSecurityMetadataSource : Adding web access control expression [permitAll] for Ant [pattern='/swagger-ui/**']
2023-12-20 11:40:41.346 DEBUG 15632 --- [main] edFilterInvocationSecurityMetadataSource : Adding web access control expression [authenticated] for any request
2023-12-20 11:40:41.354 TRACE 15632 --- [main] o.s.s.w.a.i.FilterSecurityInterceptor    : Validated configuration attributes
2023-12-20 11:40:41.356 TRACE 15632 --- [main] o.s.s.w.a.i.FilterSecurityInterceptor    : Validated configuration attributes
2023-12-20 11:40:41.532  INFO 15632 --- [main] o.s.s.web.DefaultSecurityFilterChain     : Will secure any request with [org.springframework.security.web.session.DisableEncodeUrlFilter@66694050, org.springframework.security.web.context.request.async.WebAsyncManagerIntegrationFilter@39303a6, org.springframework.security.web.context.SecurityContextPersistenceFilter@34128fed, org.springframework.security.web.header.HeaderWriterFilter@66ab3716, org.springframework.web.filter.CorsFilter@2d7df55, org.springframework.security.web.authentication.logout.LogoutFilter@f4aec23, org.springframework.security.web.authentication.www.BasicAuthenticationFilter@1ee5792a, org.springframework.security.web.savedrequest.RequestCacheAwareFilter@4dfe56dc, org.springframework.security.web.servletapi.SecurityContextHolderAwareRequestFilter@2a728076, org.springframework.security.web.authentication.AnonymousAuthenticationFilter@674c01ce, org.springframework.security.web.session.SessionManagementFilter@4f5d7091, org.springframework.security.web.access.ExceptionTranslationFilter@31d791c0, org.springframework.security.web.access.intercept.FilterSecurityInterceptor@3a641f6]
2023-12-20 11:40:41.852  INFO 15632 --- [main] o.s.b.w.embedded.tomcat.TomcatWebServer  : Tomcat started on port(s): 8080 (http) with context path ''
2023-12-20 11:40:42.571  INFO 15632 --- [main] c.r.SpringBootRestApiStarterApplication  : Started SpringBootRestApiStarterApplication in 10.742 seconds (JVM running for 11.543)
